jiayee@ubuntu:~/ansible-ubuntu-160403$ sudo ansible-playbook -i hosts local.yml

PLAY [local] **********************************************************************************************************************************

TASK [common : Install cURL] ******************************************************************************************************************
ok: [localhost]

TASK [chrome : Install GDebi] *****************************************************************************************************************
ok: [localhost]

TASK [chrome : Download deb file] *************************************************************************************************************
changed: [localhost]

TASK [chrome : Install Chrome] ****************************************************************************************************************
changed: [localhost]

TASK [chrome : Delete deb file] ***************************************************************************************************************
changed: [localhost]

TASK [docker : Add Docker key] ****************************************************************************************************************
ok: [localhost]

TASK [docker : Get release] *******************************************************************************************************************
changed: [localhost -> 127.0.0.1]

TASK [docker : Add Docker repository] *********************************************************************************************************
ok: [localhost]

TASK [docker : Install docker-ce] *************************************************************************************************************
ok: [localhost]

TASK [docker : Get uname -s] ******************************************************************************************************************
changed: [localhost -> 127.0.0.1]

TASK [docker : Get uname -m] ******************************************************************************************************************
changed: [localhost -> 127.0.0.1]

TASK [docker : Download docker-compose] *******************************************************************************************************
ok: [localhost]

TASK [docker : chmod +x docker-compose] *******************************************************************************************************
ok: [localhost]

TASK [nodejs : Get release] *******************************************************************************************************************
changed: [localhost -> 127.0.0.1]

TASK [nodejs : Add Node.js repository] ********************************************************************************************************
ok: [localhost]

TASK [nodejs : Install Node.js] ***************************************************************************************************************
ok: [localhost]

TASK [psql : Install PostgreSQL] **************************************************************************************************************
ok: [localhost]

TASK [psql : Install contrib] *****************************************************************************************************************
ok: [localhost]

TASK [sublime : Add Sublime key] **************************************************************************************************************
ok: [localhost]

TASK [sublime : Add Sublime repository] *******************************************************************************************************
ok: [localhost]

TASK [sublime : Install Sublime] **************************************************************************************************************
ok: [localhost]

TASK [ubuntu : Forget app usage] **************************************************************************************************************
changed: [localhost]

TASK [ubuntu : Remove old temp files] *********************************************************************************************************
changed: [localhost]

TASK [ubuntu : Remove old trash files] ********************************************************************************************************
changed: [localhost]

TASK [ubuntu : Forget recent files] ***********************************************************************************************************
changed: [localhost]

TASK [ubuntu : Do not send software usage stats] **********************************************************************************************
changed: [localhost]

TASK [ubuntu : Do not report technical problems] **********************************************************************************************
changed: [localhost]

TASK [ubuntu : Show full name in top bar] *****************************************************************************************************
changed: [localhost]

TASK [ubuntu : Set resolution] ****************************************************************************************************************
changed: [localhost]

TASK [ubuntu : Download wallpaper] ************************************************************************************************************
changed: [localhost]

TASK [ubuntu : Set timezone] ******************************************************************************************************************
changed: [localhost]

TASK [vim : Install vim] **********************************************************************************************************************
ok: [localhost]

TASK [vim : Download .vimrc] ******************************************************************************************************************
changed: [localhost]

TASK [git : Install Git] **********************************************************************************************************************
ok: [localhost]

TASK [git : Configure Git name] ***************************************************************************************************************
changed: [localhost]

TASK [git : Configure Git email] **************************************************************************************************************
changed: [localhost]

TASK [git : Enable automatic color] ***********************************************************************************************************
changed: [localhost]

PLAY RECAP ************************************************************************************************************************************
localhost                  : ok=37   changed=21   unreachable=0    failed=0
